Using pre-set license
Built from '2020.3/staging' branch; Version is '2020.3.5f1 (8095aa901b9b) revision 8426922'; Using compiler version '192528614'; Build Type 'Release'
OS: 'Windows 10 Pro; OS build 19041.1288; Version 2004; 64bit' Language: 'ru' Physical Memory: 16332 MB
BatchMode: 1, IsHumanControllingUs: 0, StartBugReporterOnCrash: 0, Is64bit: 1, IsPro: 0

 COMMAND LINE ARGUMENTS:
D:\GAMES\unity\2020.3.5f1\Editor\Unity.exe
-adb2
-batchMode
-noUpm
-name
AssetImportWorker0
-projectPath
D:/GAMES/unity/projects/Refactoring_2/Refacroring_2
-logFile
Logs/AssetImportWorker0.log
-srvPort
61550
Successfully changed project path to: D:/GAMES/unity/projects/Refactoring_2/Refacroring_2
D:/GAMES/unity/projects/Refactoring_2/Refacroring_2
Using Asset Import Pipeline V2.
Refreshing native plugins compatible for Editor in 30.90 ms, found 1 plugins.
Preloading 0 native plugins for Editor in 0.00 ms.
Initialize engine version: 2020.3.5f1 (8095aa901b9b)
[Subsystems] Discovering subsystems at path D:/GAMES/unity/2020.3.5f1/Editor/Data/Resources/UnitySubsystems
[Subsystems] Discovering subsystems at path D:/GAMES/unity/projects/Refactoring_2/Refacroring_2/Assets
GfxDevice: creating device client; threaded=0
Direct3D:
    Version:  Direct3D 11.0 [level 11.1]
    Renderer: NVIDIA GeForce RTX 2080 Ti (ID=0x1e07)
    Vendor:   
    VRAM:     11048 MB
    Driver:   30.0.14.7212
Initialize mono
Mono path[0] = 'D:/GAMES/unity/2020.3.5f1/Editor/Data/Managed'
Mono path[1] = 'D:/GAMES/unity/2020.3.5f1/Editor/Data/MonoBleedingEdge/lib/mono/unityjit'
Mono config path = 'D:/GAMES/unity/2020.3.5f1/Editor/Data/MonoBleedingEdge/etc'
Using monoOptions --debugger-agent=transport=dt_socket,embedding=1,server=y,suspend=n,address=127.0.0.1:56096
Begin MonoManager ReloadAssembly
Registering precompiled unity dll's ...
Register platform support module: D:/GAMES/unity/2020.3.5f1/Editor/Data/PlaybackEngines/WindowsStandaloneSupport/UnityEditor.WindowsStandalone.Extensions.dll
Registered in 0.000942 seconds.
Native extension for WindowsStandalone target not found
Refreshing native plugins compatible for Editor in 32.99 ms, found 1 plugins.
Preloading 0 native plugins for Editor in 0.00 ms.
Mono: successfully reloaded assembly
- Completed reload, in  0.780 seconds
Platform modules already initialized, skipping
Registering precompiled user dll's ...
Registered in 0.000490 seconds.
Begin MonoManager ReloadAssembly
Native extension for WindowsStandalone target not found
Refreshing native plugins compatible for Editor in 31.42 ms, found 1 plugins.
Preloading 0 native plugins for Editor in 0.00 ms.
Mono: successfully reloaded assembly
- Completed reload, in  0.726 seconds
Platform modules already initialized, skipping
========================================================================
Worker process is ready to serve import requests
Launched and connected shader compiler UnityShaderCompiler.exe after 0.04 seconds
Refreshing native plugins compatible for Editor in 0.40 ms, found 1 plugins.
Preloading 0 native plugins for Editor in 0.00 ms.
Unloading 1868 Unused Serialized files (Serialized files now loaded: 0)
System memory in use before: 86.4 MB.
System memory in use after: 86.3 MB.

Unloading 24 unused Assets to reduce memory usage. Loaded Objects now: 2312.
Total: 2.127400 ms (FindLiveObjects: 0.414300 ms CreateObjectMapping: 0.111600 ms MarkObjects: 1.493500 ms  DeleteObjects: 0.106200 ms)

========================================================================
Received Import Request.
  path: Assets/Scripts/Enemy/EnemyFireInitialization.cs
  artifactKey: Guid(73da0b0ecbc943143b58062d97345474) Importer(815301076,1909f56bfc062723c751e8b465ee728b)
Start importing Assets/Scripts/Enemy/EnemyFireInitialization.cs using Guid(73da0b0ecbc943143b58062d97345474) Importer(815301076,1909f56bfc062723c751e8b465ee728b)  -> (artifact id: 'dbe40e21014bbc03dcf576ebe0101a87') in 0.019447 seconds
  Import took 0.021767 seconds .

========================================================================
Received Prepare
Refreshing native plugins compatible for Editor in 1.08 ms, found 1 plugins.
Preloading 0 native plugins for Editor in 0.00 ms.
Unloading 10 Unused Serialized files (Serialized files now loaded: 0)
System memory in use before: 49.5 MB.
System memory in use after: 49.5 MB.

Unloading 10 unused Assets to reduce memory usage. Loaded Objects now: 2312.
Total: 1.639800 ms (FindLiveObjects: 0.197500 ms CreateObjectMapping: 0.041700 ms MarkObjects: 1.308200 ms  DeleteObjects: 0.091400 ms)

========================================================================
Received Prepare
Registering precompiled user dll's ...
Registered in 0.000570 seconds.
Begin MonoManager ReloadAssembly
Native extension for WindowsStandalone target not found
Refreshing native plugins compatible for Editor in 0.35 ms, found 1 plugins.
Preloading 0 native plugins for Editor in 0.00 ms.
Mono: successfully reloaded assembly
- Completed reload, in  0.669 seconds
Platform modules already initialized, skipping
Refreshing native plugins compatible for Editor in 0.35 ms, found 1 plugins.
Preloading 0 native plugins for Editor in 0.00 ms.
Unloading 1863 Unused Serialized files (Serialized files now loaded: 0)
System memory in use before: 86.3 MB.
System memory in use after: 86.3 MB.

Unloading 12 unused Assets to reduce memory usage. Loaded Objects now: 2316.
Total: 1.964500 ms (FindLiveObjects: 0.319500 ms CreateObjectMapping: 0.058400 ms MarkObjects: 1.483600 ms  DeleteObjects: 0.102100 ms)

========================================================================
Received Prepare
Registering precompiled user dll's ...
Registered in 0.000971 seconds.
Begin MonoManager ReloadAssembly
Native extension for WindowsStandalone target not found
Refreshing native plugins compatible for Editor in 0.37 ms, found 1 plugins.
Preloading 0 native plugins for Editor in 0.00 ms.
Mono: successfully reloaded assembly
- Completed reload, in  0.654 seconds
Platform modules already initialized, skipping
Refreshing native plugins compatible for Editor in 0.36 ms, found 1 plugins.
Preloading 0 native plugins for Editor in 0.00 ms.
Unloading 1863 Unused Serialized files (Serialized files now loaded: 0)
System memory in use before: 86.4 MB.
System memory in use after: 86.3 MB.

Unloading 12 unused Assets to reduce memory usage. Loaded Objects now: 2320.
Total: 1.998300 ms (FindLiveObjects: 0.237400 ms CreateObjectMapping: 0.044600 ms MarkObjects: 1.621500 ms  DeleteObjects: 0.093800 ms)

========================================================================
Received Prepare
Registering precompiled user dll's ...
Registered in 0.000741 seconds.
Begin MonoManager ReloadAssembly
Native extension for WindowsStandalone target not found
Refreshing native plugins compatible for Editor in 0.37 ms, found 1 plugins.
Preloading 0 native plugins for Editor in 0.00 ms.
Mono: successfully reloaded assembly
- Completed reload, in  0.656 seconds
Platform modules already initialized, skipping
Refreshing native plugins compatible for Editor in 0.35 ms, found 1 plugins.
Preloading 0 native plugins for Editor in 0.00 ms.
Unloading 1863 Unused Serialized files (Serialized files now loaded: 0)
System memory in use before: 86.4 MB.
System memory in use after: 86.4 MB.

Unloading 12 unused Assets to reduce memory usage. Loaded Objects now: 2324.
Total: 1.982000 ms (FindLiveObjects: 0.177400 ms CreateObjectMapping: 0.051200 ms MarkObjects: 1.653000 ms  DeleteObjects: 0.099500 ms)

========================================================================
Received Prepare
Registering precompiled user dll's ...
Registered in 0.000535 seconds.
Begin MonoManager ReloadAssembly
Native extension for WindowsStandalone target not found
Refreshing native plugins compatible for Editor in 0.35 ms, found 1 plugins.
Preloading 0 native plugins for Editor in 0.00 ms.
Mono: successfully reloaded assembly
- Completed reload, in  0.650 seconds
Platform modules already initialized, skipping
Refreshing native plugins compatible for Editor in 0.32 ms, found 1 plugins.
Preloading 0 native plugins for Editor in 0.00 ms.
Unloading 1863 Unused Serialized files (Serialized files now loaded: 0)
System memory in use before: 86.4 MB.
System memory in use after: 86.4 MB.

Unloading 12 unused Assets to reduce memory usage. Loaded Objects now: 2328.
Total: 1.853400 ms (FindLiveObjects: 0.170600 ms CreateObjectMapping: 0.122700 ms MarkObjects: 1.459400 ms  DeleteObjects: 0.099900 ms)

========================================================================
Received Import Request.
  Time since last request: 763.820102 seconds.
  path: Assets/Scripts/Enemy/EnemyFireController.cs
  artifactKey: Guid(ee9a77357d3f8364ab595dd01451e435) Importer(815301076,1909f56bfc062723c751e8b465ee728b)
Start importing Assets/Scripts/Enemy/EnemyFireController.cs using Guid(ee9a77357d3f8364ab595dd01451e435) Importer(815301076,1909f56bfc062723c751e8b465ee728b)  -> (artifact id: '8b05ba1840cf807eba64b781c5d40b33') in 0.006146 seconds
  Import took 0.008809 seconds .

========================================================================
Received Import Request.
  Time since last request: 0.017517 seconds.
  path: Assets/Scripts/Enemy/EnemyFireController.cs
  artifactKey: Guid(ee9a77357d3f8364ab595dd01451e435) Importer(815301076,1909f56bfc062723c751e8b465ee728b)
Start importing Assets/Scripts/Enemy/EnemyFireController.cs using Guid(ee9a77357d3f8364ab595dd01451e435) Importer(815301076,1909f56bfc062723c751e8b465ee728b)  -> (artifact id: '8b05ba1840cf807eba64b781c5d40b33') in 0.001215 seconds
  Import took 0.003694 seconds .

========================================================================
Received Import Request.
  Time since last request: 3.176977 seconds.
  path: Assets/Scripts/Enemy/EnemyModel.cs
  artifactKey: Guid(3098562d3803f8d4c81eb9523c0e8fe8) Importer(815301076,1909f56bfc062723c751e8b465ee728b)
Start importing Assets/Scripts/Enemy/EnemyModel.cs using Guid(3098562d3803f8d4c81eb9523c0e8fe8) Importer(815301076,1909f56bfc062723c751e8b465ee728b)  -> (artifact id: '148e8af7b026fe9f83f517932dc6d4d0') in 0.001291 seconds
  Import took 0.003915 seconds .

========================================================================
Received Import Request.
  Time since last request: 1.893148 seconds.
  path: Assets/Scripts/Enemy/EnemyCheckingCollider.cs
  artifactKey: Guid(e3ba54cb59e17074bbd83999e75acdff) Importer(815301076,1909f56bfc062723c751e8b465ee728b)
Start importing Assets/Scripts/Enemy/EnemyCheckingCollider.cs using Guid(e3ba54cb59e17074bbd83999e75acdff) Importer(815301076,1909f56bfc062723c751e8b465ee728b)  -> (artifact id: '173b8a2c170383a2e571353b31efa833') in 0.004363 seconds
  Import took 0.006926 seconds .

========================================================================
Received Prepare
Registering precompiled user dll's ...
Registered in 0.000805 seconds.
Begin MonoManager ReloadAssembly
Native extension for WindowsStandalone target not found
Refreshing native plugins compatible for Editor in 0.43 ms, found 1 plugins.
Preloading 0 native plugins for Editor in 0.00 ms.
Mono: successfully reloaded assembly
- Completed reload, in  0.637 seconds
Platform modules already initialized, skipping
Refreshing native plugins compatible for Editor in 0.34 ms, found 1 plugins.
Preloading 0 native plugins for Editor in 0.00 ms.
Unloading 1863 Unused Serialized files (Serialized files now loaded: 0)
System memory in use before: 86.4 MB.
System memory in use after: 86.4 MB.

Unloading 12 unused Assets to reduce memory usage. Loaded Objects now: 2332.
Total: 2.033300 ms (FindLiveObjects: 0.179000 ms CreateObjectMapping: 0.045300 ms MarkObjects: 1.707800 ms  DeleteObjects: 0.100200 ms)

========================================================================
Received Prepare
Registering precompiled user dll's ...
Registered in 0.000517 seconds.
Begin MonoManager ReloadAssembly
Native extension for WindowsStandalone target not found
Refreshing native plugins compatible for Editor in 0.35 ms, found 1 plugins.
Preloading 0 native plugins for Editor in 0.00 ms.
Mono: successfully reloaded assembly
- Completed reload, in  0.664 seconds
Platform modules already initialized, skipping
Refreshing native plugins compatible for Editor in 0.36 ms, found 1 plugins.
Preloading 0 native plugins for Editor in 0.00 ms.
Unloading 1863 Unused Serialized files (Serialized files now loaded: 0)
System memory in use before: 86.5 MB.
System memory in use after: 86.4 MB.

Unloading 12 unused Assets to reduce memory usage. Loaded Objects now: 2336.
Total: 1.849700 ms (FindLiveObjects: 0.173800 ms CreateObjectMapping: 0.039200 ms MarkObjects: 1.538700 ms  DeleteObjects: 0.096400 ms)

========================================================================
Received Prepare
Registering precompiled user dll's ...
Registered in 0.000666 seconds.
Begin MonoManager ReloadAssembly
Native extension for WindowsStandalone target not found
Refreshing native plugins compatible for Editor in 0.38 ms, found 1 plugins.
Preloading 0 native plugins for Editor in 0.00 ms.
Mono: successfully reloaded assembly
- Completed reload, in  0.664 seconds
Platform modules already initialized, skipping
Refreshing native plugins compatible for Editor in 0.39 ms, found 1 plugins.
Preloading 0 native plugins for Editor in 0.00 ms.
Unloading 1863 Unused Serialized files (Serialized files now loaded: 0)
System memory in use before: 86.5 MB.
System memory in use after: 86.4 MB.

Unloading 12 unused Assets to reduce memory usage. Loaded Objects now: 2340.
Total: 1.913200 ms (FindLiveObjects: 0.187600 ms CreateObjectMapping: 0.043700 ms MarkObjects: 1.588500 ms  DeleteObjects: 0.092400 ms)

========================================================================
Received Prepare
Registering precompiled user dll's ...
Registered in 0.000674 seconds.
Begin MonoManager ReloadAssembly
Native extension for WindowsStandalone target not found
Refreshing native plugins compatible for Editor in 0.34 ms, found 1 plugins.
Preloading 0 native plugins for Editor in 0.00 ms.
Mono: successfully reloaded assembly
- Completed reload, in  0.646 seconds
Platform modules already initialized, skipping
Refreshing native plugins compatible for Editor in 0.36 ms, found 1 plugins.
Preloading 0 native plugins for Editor in 0.00 ms.
Unloading 1863 Unused Serialized files (Serialized files now loaded: 0)
System memory in use before: 86.5 MB.
System memory in use after: 86.5 MB.

Unloading 12 unused Assets to reduce memory usage. Loaded Objects now: 2344.
Total: 2.184600 ms (FindLiveObjects: 0.332200 ms CreateObjectMapping: 0.068300 ms MarkObjects: 1.679700 ms  DeleteObjects: 0.103600 ms)

========================================================================
Received Prepare
Registering precompiled user dll's ...
Registered in 0.000509 seconds.
Begin MonoManager ReloadAssembly
Native extension for WindowsStandalone target not found
Refreshing native plugins compatible for Editor in 0.37 ms, found 1 plugins.
Preloading 0 native plugins for Editor in 0.00 ms.
Mono: successfully reloaded assembly
- Completed reload, in  0.643 seconds
Platform modules already initialized, skipping
Refreshing native plugins compatible for Editor in 0.38 ms, found 1 plugins.
Preloading 0 native plugins for Editor in 0.00 ms.
Unloading 1863 Unused Serialized files (Serialized files now loaded: 0)
System memory in use before: 86.5 MB.
System memory in use after: 86.5 MB.

Unloading 12 unused Assets to reduce memory usage. Loaded Objects now: 2348.
Total: 1.968200 ms (FindLiveObjects: 0.204800 ms CreateObjectMapping: 0.042700 ms MarkObjects: 1.618800 ms  DeleteObjects: 0.100900 ms)

========================================================================
Received Prepare
Registering precompiled user dll's ...
Registered in 0.000748 seconds.
Begin MonoManager ReloadAssembly
Native extension for WindowsStandalone target not found
Refreshing native plugins compatible for Editor in 0.36 ms, found 1 plugins.
Preloading 0 native plugins for Editor in 0.00 ms.
Mono: successfully reloaded assembly
- Completed reload, in  0.668 seconds
Platform modules already initialized, skipping
Refreshing native plugins compatible for Editor in 0.34 ms, found 1 plugins.
Preloading 0 native plugins for Editor in 0.00 ms.
Unloading 1863 Unused Serialized files (Serialized files now loaded: 0)
System memory in use before: 86.5 MB.
System memory in use after: 86.5 MB.

Unloading 12 unused Assets to reduce memory usage. Loaded Objects now: 2352.
Total: 1.894400 ms (FindLiveObjects: 0.179600 ms CreateObjectMapping: 0.039300 ms MarkObjects: 1.557900 ms  DeleteObjects: 0.116600 ms)

========================================================================
Received Prepare
Registering precompiled user dll's ...
Registered in 0.000590 seconds.
Begin MonoManager ReloadAssembly
Native extension for WindowsStandalone target not found
Refreshing native plugins compatible for Editor in 0.36 ms, found 1 plugins.
Preloading 0 native plugins for Editor in 0.00 ms.
Mono: successfully reloaded assembly
- Completed reload, in  0.670 seconds
Platform modules already initialized, skipping
Refreshing native plugins compatible for Editor in 0.34 ms, found 1 plugins.
Preloading 0 native plugins for Editor in 0.00 ms.
Unloading 1863 Unused Serialized files (Serialized files now loaded: 0)
System memory in use before: 86.5 MB.
System memory in use after: 86.5 MB.

Unloading 12 unused Assets to reduce memory usage. Loaded Objects now: 2356.
Total: 1.886700 ms (FindLiveObjects: 0.168300 ms CreateObjectMapping: 0.046800 ms MarkObjects: 1.582200 ms  DeleteObjects: 0.088300 ms)

========================================================================
Received Import Request.
  Time since last request: 1868.385634 seconds.
  path: Assets/Scripts/Player/PlayerCollisionView.cs
  artifactKey: Guid(668c927a3fa5e20449cafe50bba64eb0) Importer(815301076,1909f56bfc062723c751e8b465ee728b)
Start importing Assets/Scripts/Player/PlayerCollisionView.cs using Guid(668c927a3fa5e20449cafe50bba64eb0) Importer(815301076,1909f56bfc062723c751e8b465ee728b)  -> (artifact id: '2d1172b0e4f61317f4fac84a82798e0f') in 0.004332 seconds
  Import took 0.007173 seconds .

========================================================================
Received Import Request.
  Time since last request: 1.747122 seconds.
  path: Assets/Scripts/Player/PlayerFireController.cs
  artifactKey: Guid(0559a5f70e5bc294d8154fc40f5ea32a) Importer(815301076,1909f56bfc062723c751e8b465ee728b)
Start importing Assets/Scripts/Player/PlayerFireController.cs using Guid(0559a5f70e5bc294d8154fc40f5ea32a) Importer(815301076,1909f56bfc062723c751e8b465ee728b)  -> (artifact id: '0030195085d3725b4509ff1f8d0549ab') in 0.001190 seconds
  Import took 0.003529 seconds .

========================================================================
Received Import Request.
  Time since last request: 0.021576 seconds.
  path: Assets/Scripts/Player/PlayerFireController.cs
  artifactKey: Guid(0559a5f70e5bc294d8154fc40f5ea32a) Importer(815301076,1909f56bfc062723c751e8b465ee728b)
Start importing Assets/Scripts/Player/PlayerFireController.cs using Guid(0559a5f70e5bc294d8154fc40f5ea32a) Importer(815301076,1909f56bfc062723c751e8b465ee728b)  -> (artifact id: '0030195085d3725b4509ff1f8d0549ab') in 0.001460 seconds
  Import took 0.003687 seconds .

========================================================================
Received Import Request.
  Time since last request: 119.107530 seconds.
  path: ProjectSettings/TagManager.asset
  artifactKey: Guid(00000000000000003000000000000000) Importer(815301076,1909f56bfc062723c751e8b465ee728b)
Start importing ProjectSettings/TagManager.asset using Guid(00000000000000003000000000000000) Importer(815301076,1909f56bfc062723c751e8b465ee728b)  -> (artifact id: 'b6c35cac1b66fbe40646657334f7eeb4') in 0.009404 seconds
  Import took 0.011985 seconds .

========================================================================
Received Import Request.
  Time since last request: 9.654429 seconds.
  path: Assets/2DSpaceshipsFreeTrial/Prefabs/2DShipMissilesTorpedoes/2DShipsMissileMedium.prefab
  artifactKey: Guid(3952c3fe53f74a0409f716652bd8d27d) Importer(815301076,1909f56bfc062723c751e8b465ee728b)
Start importing Assets/2DSpaceshipsFreeTrial/Prefabs/2DShipMissilesTorpedoes/2DShipsMissileMedium.prefab using Guid(3952c3fe53f74a0409f716652bd8d27d) Importer(815301076,1909f56bfc062723c751e8b465ee728b)  -> (artifact id: '1c31ead5c5e174de78feecf6b93cbf3a') in 0.061561 seconds
  Import took 0.064489 seconds .

========================================================================
Received Prepare
Registering precompiled user dll's ...
Registered in 0.000664 seconds.
Begin MonoManager ReloadAssembly
Native extension for WindowsStandalone target not found
Refreshing native plugins compatible for Editor in 0.42 ms, found 1 plugins.
Preloading 0 native plugins for Editor in 0.00 ms.
Mono: successfully reloaded assembly
- Completed reload, in  0.661 seconds
Platform modules already initialized, skipping
Refreshing native plugins compatible for Editor in 0.35 ms, found 1 plugins.
Preloading 0 native plugins for Editor in 0.00 ms.
Unloading 1863 Unused Serialized files (Serialized files now loaded: 0)
System memory in use before: 89.6 MB.
System memory in use after: 89.6 MB.

Unloading 13 unused Assets to reduce memory usage. Loaded Objects now: 2367.
Total: 2.060900 ms (FindLiveObjects: 0.198100 ms CreateObjectMapping: 0.040300 ms MarkObjects: 1.725300 ms  DeleteObjects: 0.096300 ms)

========================================================================
Received Prepare
Registering precompiled user dll's ...
Registered in 0.001040 seconds.
Begin MonoManager ReloadAssembly
Native extension for WindowsStandalone target not found
Refreshing native plugins compatible for Editor in 0.35 ms, found 1 plugins.
Preloading 0 native plugins for Editor in 0.00 ms.
Mono: successfully reloaded assembly
- Completed reload, in  0.671 seconds
Platform modules already initialized, skipping
Refreshing native plugins compatible for Editor in 0.37 ms, found 1 plugins.
Preloading 0 native plugins for Editor in 0.00 ms.
Unloading 1863 Unused Serialized files (Serialized files now loaded: 0)
System memory in use before: 89.6 MB.
System memory in use after: 89.6 MB.

Unloading 12 unused Assets to reduce memory usage. Loaded Objects now: 2371.
Total: 2.086400 ms (FindLiveObjects: 0.201400 ms CreateObjectMapping: 0.048100 ms MarkObjects: 1.740400 ms  DeleteObjects: 0.095400 ms)

========================================================================
Received Prepare
Registering precompiled user dll's ...
Registered in 0.000597 seconds.
Begin MonoManager ReloadAssembly
Native extension for WindowsStandalone target not found
Refreshing native plugins compatible for Editor in 0.35 ms, found 1 plugins.
Preloading 0 native plugins for Editor in 0.00 ms.
Mono: successfully reloaded assembly
- Completed reload, in  0.640 seconds
Platform modules already initialized, skipping
Refreshing native plugins compatible for Editor in 0.34 ms, found 1 plugins.
Preloading 0 native plugins for Editor in 0.00 ms.
Unloading 1863 Unused Serialized files (Serialized files now loaded: 0)
System memory in use before: 89.6 MB.
System memory in use after: 89.6 MB.

Unloading 12 unused Assets to reduce memory usage. Loaded Objects now: 2375.
Total: 1.955300 ms (FindLiveObjects: 0.336000 ms CreateObjectMapping: 0.052000 ms MarkObjects: 1.469200 ms  DeleteObjects: 0.096800 ms)

========================================================================
Received Prepare
Registering precompiled user dll's ...
Registered in 0.000512 seconds.
Begin MonoManager ReloadAssembly
Native extension for WindowsStandalone target not found
Refreshing native plugins compatible for Editor in 0.35 ms, found 1 plugins.
Preloading 0 native plugins for Editor in 0.00 ms.
Mono: successfully reloaded assembly
- Completed reload, in  0.657 seconds
Platform modules already initialized, skipping
Refreshing native plugins compatible for Editor in 0.30 ms, found 1 plugins.
Preloading 0 native plugins for Editor in 0.00 ms.
Unloading 1863 Unused Serialized files (Serialized files now loaded: 0)
System memory in use before: 89.6 MB.
System memory in use after: 89.6 MB.

Unloading 12 unused Assets to reduce memory usage. Loaded Objects now: 2379.
Total: 1.938100 ms (FindLiveObjects: 0.167800 ms CreateObjectMapping: 0.046700 ms MarkObjects: 1.630000 ms  DeleteObjects: 0.092800 ms)

========================================================================
Received Prepare
Registering precompiled user dll's ...
Registered in 0.000541 seconds.
Begin MonoManager ReloadAssembly
Native extension for WindowsStandalone target not found
Refreshing native plugins compatible for Editor in 0.35 ms, found 1 plugins.
Preloading 0 native plugins for Editor in 0.00 ms.
Mono: successfully reloaded assembly
- Completed reload, in  0.655 seconds
Platform modules already initialized, skipping
Refreshing native plugins compatible for Editor in 0.34 ms, found 1 plugins.
Preloading 0 native plugins for Editor in 0.00 ms.
Unloading 1863 Unused Serialized files (Serialized files now loaded: 0)
System memory in use before: 89.6 MB.
System memory in use after: 89.6 MB.

Unloading 12 unused Assets to reduce memory usage. Loaded Objects now: 2383.
Total: 2.033500 ms (FindLiveObjects: 0.185300 ms CreateObjectMapping: 0.040200 ms MarkObjects: 1.692800 ms  DeleteObjects: 0.114100 ms)

========================================================================
Received Prepare
Registering precompiled user dll's ...
Registered in 0.000486 seconds.
Begin MonoManager ReloadAssembly
Native extension for WindowsStandalone target not found
Refreshing native plugins compatible for Editor in 0.38 ms, found 1 plugins.
Preloading 0 native plugins for Editor in 0.00 ms.
Mono: successfully reloaded assembly
- Completed reload, in  0.652 seconds
Platform modules already initialized, skipping
Refreshing native plugins compatible for Editor in 0.38 ms, found 1 plugins.
Preloading 0 native plugins for Editor in 0.00 ms.
Unloading 1863 Unused Serialized files (Serialized files now loaded: 0)
System memory in use before: 89.6 MB.
System memory in use after: 89.6 MB.

Unloading 12 unused Assets to reduce memory usage. Loaded Objects now: 2387.
Total: 1.756400 ms (FindLiveObjects: 0.198600 ms CreateObjectMapping: 0.042600 ms MarkObjects: 1.422300 ms  DeleteObjects: 0.092200 ms)

========================================================================
Received Prepare
Registering precompiled user dll's ...
Registered in 0.000574 seconds.
Begin MonoManager ReloadAssembly
Native extension for WindowsStandalone target not found
Refreshing native plugins compatible for Editor in 0.35 ms, found 1 plugins.
Preloading 0 native plugins for Editor in 0.00 ms.
Mono: successfully reloaded assembly
- Completed reload, in  0.652 seconds
Platform modules already initialized, skipping
Refreshing native plugins compatible for Editor in 0.38 ms, found 1 plugins.
Preloading 0 native plugins for Editor in 0.00 ms.
Unloading 1863 Unused Serialized files (Serialized files now loaded: 0)
System memory in use before: 89.7 MB.
System memory in use after: 89.6 MB.

Unloading 12 unused Assets to reduce memory usage. Loaded Objects now: 2391.
Total: 1.979000 ms (FindLiveObjects: 0.163500 ms CreateObjectMapping: 0.040400 ms MarkObjects: 1.683200 ms  DeleteObjects: 0.091100 ms)

========================================================================
Received Prepare
Registering precompiled user dll's ...
Registered in 0.000619 seconds.
Begin MonoManager ReloadAssembly
Native extension for WindowsStandalone target not found
Refreshing native plugins compatible for Editor in 0.34 ms, found 1 plugins.
Preloading 0 native plugins for Editor in 0.00 ms.
Mono: successfully reloaded assembly
- Completed reload, in  0.634 seconds
Platform modules already initialized, skipping
Refreshing native plugins compatible for Editor in 0.34 ms, found 1 plugins.
Preloading 0 native plugins for Editor in 0.00 ms.
Unloading 1863 Unused Serialized files (Serialized files now loaded: 0)
System memory in use before: 89.7 MB.
System memory in use after: 89.6 MB.

Unloading 12 unused Assets to reduce memory usage. Loaded Objects now: 2395.
Total: 2.052800 ms (FindLiveObjects: 0.187900 ms CreateObjectMapping: 0.039700 ms MarkObjects: 1.725700 ms  DeleteObjects: 0.098600 ms)

========================================================================
Received Prepare
Registering precompiled user dll's ...
Registered in 0.000608 seconds.
Begin MonoManager ReloadAssembly
Native extension for WindowsStandalone target not found
Refreshing native plugins compatible for Editor in 0.36 ms, found 1 plugins.
Preloading 0 native plugins for Editor in 0.00 ms.
Mono: successfully reloaded assembly
- Completed reload, in  0.634 seconds
Platform modules already initialized, skipping
Refreshing native plugins compatible for Editor in 0.34 ms, found 1 plugins.
Preloading 0 native plugins for Editor in 0.00 ms.
Unloading 1863 Unused Serialized files (Serialized files now loaded: 0)
System memory in use before: 89.7 MB.
System memory in use after: 89.7 MB.

Unloading 12 unused Assets to reduce memory usage. Loaded Objects now: 2399.
Total: 1.927400 ms (FindLiveObjects: 0.211300 ms CreateObjectMapping: 0.048100 ms MarkObjects: 1.569300 ms  DeleteObjects: 0.097200 ms)

========================================================================
Received Prepare
Registering precompiled user dll's ...
Registered in 0.000660 seconds.
Begin MonoManager ReloadAssembly
Native extension for WindowsStandalone target not found
Refreshing native plugins compatible for Editor in 0.36 ms, found 1 plugins.
Preloading 0 native plugins for Editor in 0.00 ms.
Mono: successfully reloaded assembly
- Completed reload, in  0.642 seconds
Platform modules already initialized, skipping
Refreshing native plugins compatible for Editor in 0.30 ms, found 1 plugins.
Preloading 0 native plugins for Editor in 0.00 ms.
Unloading 1863 Unused Serialized files (Serialized files now loaded: 0)
System memory in use before: 89.7 MB.
System memory in use after: 89.7 MB.

Unloading 12 unused Assets to reduce memory usage. Loaded Objects now: 2403.
Total: 1.883800 ms (FindLiveObjects: 0.188100 ms CreateObjectMapping: 0.050400 ms MarkObjects: 1.557200 ms  DeleteObjects: 0.087400 ms)

========================================================================
Received Import Request.
  Time since last request: 1151.668322 seconds.
  path: Assets/Scripts/Enemy/EnemyFireInitialization.cs
  artifactKey: Guid(73da0b0ecbc943143b58062d97345474) Importer(815301076,1909f56bfc062723c751e8b465ee728b)
Start importing Assets/Scripts/Enemy/EnemyFireInitialization.cs using Guid(73da0b0ecbc943143b58062d97345474) Importer(815301076,1909f56bfc062723c751e8b465ee728b)  -> (artifact id: '7415e0d38ba8efc9d82eed1bca396822') in 0.003467 seconds
  Import took 0.005975 seconds .

========================================================================
Received Import Request.
  Time since last request: 0.018617 seconds.
  path: Assets/Scripts/Enemy/EnemyFireInitialization.cs
  artifactKey: Guid(73da0b0ecbc943143b58062d97345474) Importer(815301076,1909f56bfc062723c751e8b465ee728b)
Start importing Assets/Scripts/Enemy/EnemyFireInitialization.cs using Guid(73da0b0ecbc943143b58062d97345474) Importer(815301076,1909f56bfc062723c751e8b465ee728b)  -> (artifact id: '7415e0d38ba8efc9d82eed1bca396822') in 0.001031 seconds
  Import took 0.003153 seconds .

========================================================================
Received Import Request.
  Time since last request: 9.564367 seconds.
  path: Assets/Scripts/Enemy/EnemyFireController.cs
  artifactKey: Guid(ee9a77357d3f8364ab595dd01451e435) Importer(815301076,1909f56bfc062723c751e8b465ee728b)
Start importing Assets/Scripts/Enemy/EnemyFireController.cs using Guid(ee9a77357d3f8364ab595dd01451e435) Importer(815301076,1909f56bfc062723c751e8b465ee728b)  -> (artifact id: 'de7a171cf403a1f7a890f63860542b92') in 0.001428 seconds
  Import took 0.003986 seconds .

========================================================================
Received Import Request.
  Time since last request: 507.280077 seconds.
  path: Assets/Scripts/Interfaces/IPoolAutoExpand.cs
  artifactKey: Guid(54402a9361337c54c8effd3ab8117789) Importer(815301076,1909f56bfc062723c751e8b465ee728b)
Start importing Assets/Scripts/Interfaces/IPoolAutoExpand.cs using Guid(54402a9361337c54c8effd3ab8117789) Importer(815301076,1909f56bfc062723c751e8b465ee728b)  -> (artifact id: 'd0a25a9812d4f02f7b70dc004fc81922') in 0.002061 seconds
  Import took 0.004905 seconds .

========================================================================
Received Prepare
Registering precompiled user dll's ...
Registered in 0.000709 seconds.
Begin MonoManager ReloadAssembly
Native extension for WindowsStandalone target not found
Refreshing native plugins compatible for Editor in 0.37 ms, found 1 plugins.
Preloading 0 native plugins for Editor in 0.00 ms.
Mono: successfully reloaded assembly
- Completed reload, in  0.643 seconds
Platform modules already initialized, skipping
Refreshing native plugins compatible for Editor in 0.35 ms, found 1 plugins.
Preloading 0 native plugins for Editor in 0.00 ms.
Unloading 1864 Unused Serialized files (Serialized files now loaded: 0)
System memory in use before: 89.7 MB.
System memory in use after: 89.7 MB.

Unloading 12 unused Assets to reduce memory usage. Loaded Objects now: 2408.
Total: 2.121300 ms (FindLiveObjects: 0.216500 ms CreateObjectMapping: 0.042900 ms MarkObjects: 1.758500 ms  DeleteObjects: 0.102300 ms)

========================================================================
Received Import Request.
  Time since last request: 257.103669 seconds.
  path: Assets/Scripts/Interfaces/IPoolAutoExpand.cs
  artifactKey: Guid(54402a9361337c54c8effd3ab8117789) Importer(815301076,1909f56bfc062723c751e8b465ee728b)
Start importing Assets/Scripts/Interfaces/IPoolAutoExpand.cs using Guid(54402a9361337c54c8effd3ab8117789) Importer(815301076,1909f56bfc062723c751e8b465ee728b)  -> (artifact id: '672085a8c850cd3c98b23185233eb606') in 0.003504 seconds
  Import took 0.006200 seconds .

========================================================================
Received Prepare
Registering precompiled user dll's ...
Registered in 0.000698 seconds.
Begin MonoManager ReloadAssembly
Native extension for WindowsStandalone target not found
Refreshing native plugins compatible for Editor in 0.35 ms, found 1 plugins.
Preloading 0 native plugins for Editor in 0.00 ms.
Mono: successfully reloaded assembly
- Completed reload, in  0.650 seconds
Platform modules already initialized, skipping
Refreshing native plugins compatible for Editor in 0.37 ms, found 1 plugins.
Preloading 0 native plugins for Editor in 0.00 ms.
Unloading 1864 Unused Serialized files (Serialized files now loaded: 0)
System memory in use before: 89.7 MB.
System memory in use after: 89.7 MB.

Unloading 12 unused Assets to reduce memory usage. Loaded Objects now: 2412.
Total: 2.090600 ms (FindLiveObjects: 0.210300 ms CreateObjectMapping: 0.047200 ms MarkObjects: 1.734500 ms  DeleteObjects: 0.096800 ms)

========================================================================
Received Prepare
Registering precompiled user dll's ...
Registered in 0.000519 seconds.
Begin MonoManager ReloadAssembly
Native extension for WindowsStandalone target not found
Refreshing native plugins compatible for Editor in 0.34 ms, found 1 plugins.
Preloading 0 native plugins for Editor in 0.00 ms.
Mono: successfully reloaded assembly
- Completed reload, in  0.618 seconds
Platform modules already initialized, skipping
Refreshing native plugins compatible for Editor in 0.30 ms, found 1 plugins.
Preloading 0 native plugins for Editor in 0.00 ms.
Unloading 1864 Unused Serialized files (Serialized files now loaded: 0)
System memory in use before: 89.7 MB.
System memory in use after: 89.7 MB.

Unloading 12 unused Assets to reduce memory usage. Loaded Objects now: 2416.
Total: 2.075100 ms (FindLiveObjects: 0.194900 ms CreateObjectMapping: 0.047400 ms MarkObjects: 1.737500 ms  DeleteObjects: 0.094300 ms)

AssetImportWorkerClient::OnTransportError - code=2 error=End of file
